c:\directx_learning\directx_coding\directx_coding\x64\debug\vc143.pdb
c:\directx_learning\directx_coding\directx_coding\x64\debug\vc143.idb
c:\directx_learning\directx_coding\directx_coding\x64\debug\main_game.obj
c:\directx_learning\directx_coding\directx_coding\x64\debug\pch.obj
c:\directx_learning\directx_coding\directx_coding\x64\debug\directx_coding.obj
c:\directx_learning\directx_coding\build\directx_coding.exe
c:\directx_learning\directx_coding\build\directx_coding.pdb
c:\directx_learning\directx_coding\directx_coding\x64\debug\directx_coding.res
c:\directx_learning\directx_coding\directx_coding\x64\debug\directx_coding.ilk
c:\users\seif4\documents\github\directx_study\directx_coding\x64\debug\directx_coding.obj
c:\users\seif4\documents\github\directx_study\directx_coding\x64\debug\main_game.obj
c:\users\seif4\documents\github\directx_study\directx_coding\x64\debug\pch.obj
c:\users\seif4\documents\github\directx_study\directx_coding\x64\debug\directx_coding.ilk
c:\users\seif4\documents\github\directx_study\directx_coding\x64\debug\directx_coding.res
c:\users\seif4\documents\github\directx_study\directx_coding\x64\debug\vc143.idb
c:\users\seif4\documents\github\directx_study\directx_coding\x64\debug\vc143.pdb
c:\users\seif4\documents\github\directx_study\build\directx_coding.pdb
c:\users\seif4\documents\github\directx_study\build\directx_coding.exe
c:\users\seif4\documents\github\directx_study\directx_coding\x64\debug\directx_coding.tlog\cl.command.1.tlog
c:\users\seif4\documents\github\directx_study\directx_coding\x64\debug\directx_coding.tlog\cl.items.tlog
c:\users\seif4\documents\github\directx_study\directx_coding\x64\debug\directx_coding.tlog\cl.read.1.tlog
c:\users\seif4\documents\github\directx_study\directx_coding\x64\debug\directx_coding.tlog\cl.write.1.tlog
c:\users\seif4\documents\github\directx_study\directx_coding\x64\debug\directx_coding.tlog\link.command.1.tlog
c:\users\seif4\documents\github\directx_study\directx_coding\x64\debug\directx_coding.tlog\link.read.1.tlog
c:\users\seif4\documents\github\directx_study\directx_coding\x64\debug\directx_coding.tlog\link.secondary.1.tlog
c:\users\seif4\documents\github\directx_study\directx_coding\x64\debug\directx_coding.tlog\link.write.1.tlog
c:\users\seif4\documents\github\directx_study\directx_coding\x64\debug\directx_coding.tlog\rc.command.1.tlog
c:\users\seif4\documents\github\directx_study\directx_coding\x64\debug\directx_coding.tlog\rc.read.1.tlog
c:\users\seif4\documents\github\directx_study\directx_coding\x64\debug\directx_coding.tlog\rc.write.1.tlog
